This file contains any messages produced by compilers while
running configure, to aid debugging if configure makes a mistake.

It was created by configure, which was
generated by GNU Autoconf 2.68.  Invocation command line was

  $ ./configure --prefix=/usr/bin

## --------- ##
## Platform. ##
## --------- ##

hostname = precise32
uname -m = i686
uname -r = 3.2.0-23-generic-pae
uname -s = Linux
uname -v = #36-Ubuntu SMP Tue Apr 10 22:19:09 UTC 2012

/usr/bin/uname -p = unknown
/bin/uname -X     = unknown

/bin/arch              = unknown
/usr/bin/arch -k       = unknown
/usr/convex/getsysinfo = unknown
/usr/bin/hostinfo      = unknown
/bin/machine           = unknown
/usr/bin/oslevel       = unknown
/bin/universe          = unknown

PATH: /usr/local/sbin
PATH: /usr/local/bin
PATH: /usr/sbin
PATH: /usr/bin
PATH: /sbin
PATH: /bin
PATH: /usr/games
PATH: /opt/vagrant_ruby/bin


## ----------- ##
## Core tests. ##
## ----------- ##

configure:2060: checking for grep that handles long lines and -e
configure:2118: result: /bin/grep
configure:2123: checking for egrep
configure:2185: result: /bin/grep -E
configure:2190: checking for a sed that does not truncate output
configure:2254: result: /bin/sed
configure:2388: checking for cc
configure:2404: found /usr/bin/cc
configure:2415: result: cc
configure:2446: checking for C compiler version
configure:2455: cc --version >&5
cc (Ubuntu/Linaro 4.6.3-1ubuntu5) 4.6.3
Copyright (C) 2011 Free Software Foundation, Inc.
This is free software; see the source for copying conditions.  There is NO
warranty; not even for MERCHANTABILITY or FITNESS FOR A PARTICULAR PURPOSE.

configure:2466: $? = 0
configure:2455: cc -v >&5
Using built-in specs.
COLLECT_GCC=cc
COLLECT_LTO_WRAPPER=/usr/lib/gcc/i686-linux-gnu/4.6/lto-wrapper
Target: i686-linux-gnu
Configured with: ../src/configure -v --with-pkgversion='Ubuntu/Linaro 4.6.3-1ubuntu5' --with-bugurl=file:///usr/share/doc/gcc-4.6/README.Bugs --enable-languages=c,c++,fortran,objc,obj-c++ --prefix=/usr --program-suffix=-4.6 --enable-shared --enable-linker-build-id --with-system-zlib --libexecdir=/usr/lib --without-included-gettext --enable-threads=posix --with-gxx-include-dir=/usr/include/c++/4.6 --libdir=/usr/lib --enable-nls --with-sysroot=/ --enable-clocale=gnu --enable-libstdcxx-debug --enable-libstdcxx-time=yes --enable-gnu-unique-object --enable-plugin --enable-objc-gc --enable-targets=all --disable-werror --with-arch-32=i686 --with-tune=generic --enable-checking=release --build=i686-linux-gnu --host=i686-linux-gnu --target=i686-linux-gnu
Thread model: posix
gcc version 4.6.3 (Ubuntu/Linaro 4.6.3-1ubuntu5) 
configure:2466: $? = 0
configure:2455: cc -V >&5
cc: error: unrecognized option '-V'
cc: fatal error: no input files
compilation terminated.
configure:2466: $? = 4
configure:2455: cc -qversion >&5
cc: error: unrecognized option '-qversion'
cc: fatal error: no input files
compilation terminated.
configure:2466: $? = 4
configure:2486: checking whether the C compiler works
configure:2508: cc    conftest.c  >&5
configure:2512: $? = 0
configure:2560: result: yes
configure:2563: checking for C compiler default output file name
configure:2565: result: a.out
configure:2571: checking for suffix of executables
configure:2578: cc -o conftest    conftest.c  >&5
configure:2582: $? = 0
configure:2604: result: 
configure:2626: checking whether we are cross compiling
configure:2634: cc -o conftest    conftest.c  >&5
configure:2638: $? = 0
configure:2645: ./conftest
configure:2649: $? = 0
configure:2664: result: no
configure:2669: checking for suffix of object files
configure:2691: cc -c   conftest.c >&5
configure:2695: $? = 0
configure:2716: result: o
configure:2720: checking whether we are using the GNU C compiler
configure:2739: cc -c   conftest.c >&5
configure:2739: $? = 0
configure:2748: result: yes
configure:2757: checking whether cc accepts -g
configure:2777: cc -c -g  conftest.c >&5
configure:2777: $? = 0
configure:2818: result: yes
configure:2835: checking for cc option to accept ISO C89
configure:2899: cc  -c -g -O2  conftest.c >&5
configure:2899: $? = 0
configure:2912: result: none needed
configure:2938: checking how to run the C preprocessor
configure:2969: cc -E  conftest.c
configure:2969: $? = 0
configure:2983: cc -E  conftest.c
conftest.c:9:28: fatal error: ac_nonexistent.h: No such file or directory
compilation terminated.
configure:2983: $? = 1
configure: failed program was:
| /* confdefs.h */
| #define PACKAGE_NAME ""
| #define PACKAGE_TARNAME ""
| #define PACKAGE_VERSION ""
| #define PACKAGE_STRING ""
| #define PACKAGE_BUGREPORT ""
| #define PACKAGE_URL ""
| /* end confdefs.h.  */
| #include <ac_nonexistent.h>
configure:3008: result: cc -E
configure:3028: cc -E  conftest.c
configure:3028: $? = 0
configure:3042: cc -E  conftest.c
conftest.c:9:28: fatal error: ac_nonexistent.h: No such file or directory
compilation terminated.
configure:3042: $? = 1
configure: failed program was:
| /* confdefs.h */
| #define PACKAGE_NAME ""
| #define PACKAGE_TARNAME ""
| #define PACKAGE_VERSION ""
| #define PACKAGE_STRING ""
| #define PACKAGE_BUGREPORT ""
| #define PACKAGE_URL ""
| /* end confdefs.h.  */
| #include <ac_nonexistent.h>
configure:3073: checking for icc
configure:3082: result: no
configure:3096: checking for suncc
configure:3105: result: no
configure:3123: checking whether cc understands -c and -o together
configure:3151: cc -c conftest.c -o conftest2.o >&5
configure:3155: $? = 0
configure:3161: cc -c conftest.c -o conftest2.o >&5
configure:3165: $? = 0
configure:3220: result: yes
configure:3234: checking for system library directory
configure:3249: result: lib
configure:3256: checking if compiler supports -R
configure:3275: cc -o conftest -g -O2   conftest.c -R /usr/lib  >&5
cc: error: unrecognized option '-R'
configure:3275: $? = 1
configure: failed program was:
| /* confdefs.h */
| #define PACKAGE_NAME ""
| #define PACKAGE_TARNAME ""
| #define PACKAGE_VERSION ""
| #define PACKAGE_STRING ""
| #define PACKAGE_BUGREPORT ""
| #define PACKAGE_URL ""
| /* end confdefs.h.  */
| 
| int
| main ()
| {
| 
|   ;
|   return 0;
| }
configure:3285: result: no
configure:3290: checking if compiler supports -Wl,-rpath,
configure:3309: cc -o conftest -g -O2   conftest.c -Wl,-rpath,/usr/lib  >&5
configure:3309: $? = 0
configure:3319: result: yes
configure:3364: checking build system type
configure:3378: result: i686-pc-linux-gnu
configure:3398: checking host system type
configure:3411: result: i686-pc-linux-gnu
configure:3431: checking target system type
configure:3444: result: i686-pc-linux-gnu
configure:3547: checking for PHP prefix
configure:3549: result: /usr
configure:3551: checking for PHP includes
configure:3553: result: -I/usr/include/php5 -I/usr/include/php5/main -I/usr/include/php5/TSRM -I/usr/include/php5/Zend -I/usr/include/php5/ext -I/usr/include/php5/ext/date/lib -D_LARGEFILE_SOURCE -D_FILE_OFFSET_BITS=64
configure:3555: checking for PHP extension directory
configure:3557: result: /usr/lib/php5/20121212
configure:3559: checking for PHP installed headers prefix
configure:3561: result: /usr/include/php5
configure:3564: checking if debug is enabled
configure:3590: result: no
configure:3593: checking if zts is enabled
configure:3619: result: no
configure:3690: checking for re2c
configure:3706: found /usr/bin/re2c
configure:3717: result: re2c
configure:3726: checking for re2c version
configure:3740: result: 0.13.5 (ok)
configure:3759: checking for gawk
configure:3790: result: no
configure:3759: checking for nawk
configure:3776: found /usr/bin/nawk
configure:3787: result: nawk
configure:3810: checking if nawk is broken
configure:3817: result: no
configure:3830: checking PHP version
configure:3847: cc -c -g -O2  conftest.c >&5
configure:3847: $? = 0
configure:3848: result: ok
configure:3859: checking for msgpack support
configure:3899: result: yes, shared
configure:4280: checking how to print strings
configure:4307: result: printf
configure:4328: checking for a sed that does not truncate output
configure:4392: result: /bin/sed
configure:4410: checking for fgrep
configure:4472: result: /bin/grep -F
configure:4507: checking for ld used by cc
configure:4574: result: /usr/bin/ld
configure:4581: checking if the linker (/usr/bin/ld) is GNU ld
configure:4596: result: yes
configure:4608: checking for BSD- or MS-compatible name lister (nm)
configure:4657: result: /usr/bin/nm -B
configure:4787: checking the name lister (/usr/bin/nm -B) interface
configure:4794: cc -c -g -O2  conftest.c >&5
configure:4797: /usr/bin/nm -B "conftest.o"
configure:4800: output
00000000 B some_variable
configure:4807: result: BSD nm
configure:4810: checking whether ln -s works
configure:4814: result: yes
configure:4822: checking the maximum length of command line arguments
configure:4952: result: 1572864
configure:4969: checking whether the shell understands some XSI constructs
configure:4979: result: yes
configure:4983: checking whether the shell understands "+="
configure:4989: result: yes
configure:5024: checking how to convert i686-pc-linux-gnu file names to i686-pc-linux-gnu format
configure:5064: result: func_convert_file_noop
configure:5071: checking how to convert i686-pc-linux-gnu file names to toolchain format
configure:5091: result: func_convert_file_noop
configure:5098: checking for /usr/bin/ld option to reload object files
configure:5105: result: -r
configure:5179: checking for objdump
configure:5195: found /usr/bin/objdump
configure:5206: result: objdump
configure:5238: checking how to recognize dependent libraries
configure:5440: result: pass_all
configure:5525: checking for dlltool
configure:5555: result: no
configure:5585: checking how to associate runtime and link libraries
configure:5612: result: printf %s\n
configure:5672: checking for ar
configure:5688: found /usr/bin/ar
configure:5699: result: ar
configure:5736: checking for archiver @FILE support
configure:5753: cc -c -g -O2  conftest.c >&5
configure:5753: $? = 0
configure:5756: ar cru libconftest.a @conftest.lst >&5
configure:5759: $? = 0
configure:5764: ar cru libconftest.a @conftest.lst >&5
ar: conftest.o: No such file or directory
configure:5767: $? = 1
configure:5779: result: @
configure:5837: checking for strip
configure:5853: found /usr/bin/strip
configure:5864: result: strip
configure:5936: checking for ranlib
configure:5952: found /usr/bin/ranlib
configure:5963: result: ranlib
configure:6040: checking for gawk
configure:6067: result: nawk
configure:6107: checking command to parse /usr/bin/nm -B output from cc object
configure:6227: cc -c -g -O2  conftest.c >&5
configure:6230: $? = 0
configure:6234: /usr/bin/nm -B conftest.o \| sed -n -e 's/^.*[ ]\([ABCDGIRSTW][ABCDGIRSTW]*\)[ ][ ]*\([_A-Za-z][_A-Za-z0-9]*\)$/\1 \2 \2/p' | sed '/ __gnu_lto/d' \> conftest.nm
configure:6237: $? = 0
configure:6303: cc -o conftest -g -O2   conftest.c conftstm.o >&5
configure:6306: $? = 0
configure:6344: result: ok
configure:6381: checking for sysroot
configure:6411: result: no
configure:6667: checking for mt
configure:6683: found /bin/mt
configure:6694: result: mt
configure:6717: checking if mt is a manifest tool
configure:6723: mt '-?'
configure:6731: result: no
configure:7368: checking for ANSI C header files
configure:7388: cc -c -g -O2  conftest.c >&5
configure:7388: $? = 0
configure:7461: cc -o conftest -g -O2   conftest.c  >&5
configure:7461: $? = 0
configure:7461: ./conftest
configure:7461: $? = 0
configure:7472: result: yes
configure:7485: checking for sys/types.h
configure:7485: cc -c -g -O2  conftest.c >&5
configure:7485: $? = 0
configure:7485: result: yes
configure:7485: checking for sys/stat.h
configure:7485: cc -c -g -O2  conftest.c >&5
configure:7485: $? = 0
configure:7485: result: yes
configure:7485: checking for stdlib.h
configure:7485: cc -c -g -O2  conftest.c >&5
configure:7485: $? = 0
configure:7485: result: yes
configure:7485: checking for string.h
configure:7485: cc -c -g -O2  conftest.c >&5
configure:7485: $? = 0
configure:7485: result: yes
configure:7485: checking for memory.h
configure:7485: cc -c -g -O2  conftest.c >&5
configure:7485: $? = 0
configure:7485: result: yes
configure:7485: checking for strings.h
configure:7485: cc -c -g -O2  conftest.c >&5
configure:7485: $? = 0
configure:7485: result: yes
configure:7485: checking for inttypes.h
configure:7485: cc -c -g -O2  conftest.c >&5
configure:7485: $? = 0
configure:7485: result: yes
configure:7485: checking for stdint.h
configure:7485: cc -c -g -O2  conftest.c >&5
configure:7485: $? = 0
configure:7485: result: yes
configure:7485: checking for unistd.h
configure:7485: cc -c -g -O2  conftest.c >&5
configure:7485: $? = 0
configure:7485: result: yes
configure:7499: checking for dlfcn.h
configure:7499: cc -c -g -O2  conftest.c >&5
configure:7499: $? = 0
configure:7499: result: yes
configure:7705: checking for objdir
configure:7720: result: .libs
configure:7991: checking if cc supports -fno-rtti -fno-exceptions
configure:8009: cc -c -g -O2  -fno-rtti -fno-exceptions conftest.c >&5
cc1: warning: command line option '-fno-rtti' is valid for C++/ObjC++ but not for C [enabled by default]
configure:8013: $? = 0
configure:8026: result: no
configure:8353: checking for cc option to produce PIC
configure:8360: result: -fPIC -DPIC
configure:8368: checking if cc PIC flag -fPIC -DPIC works
configure:8386: cc -c -g -O2  -fPIC -DPIC -DPIC conftest.c >&5
configure:8390: $? = 0
configure:8403: result: yes
configure:8432: checking if cc static flag -static works
configure:8460: result: yes
configure:8475: checking if cc supports -c -o file.o
configure:8496: cc -c -g -O2  -o out/conftest2.o conftest.c >&5
configure:8500: $? = 0
configure:8522: result: yes
configure:8530: checking if cc supports -c -o file.o
configure:8577: result: yes
configure:8610: checking whether the cc linker (/usr/bin/ld) supports shared libraries
configure:9767: result: yes
configure:9804: checking whether -lc should be explicitly linked in
configure:9812: cc -c -g -O2  conftest.c >&5
configure:9815: $? = 0
configure:9830: cc -shared  -fPIC -DPIC conftest.o  -v -Wl,-soname -Wl,conftest -o conftest 2\>\&1 \| /bin/grep  -lc  \>/dev/null 2\>\&1
configure:9833: $? = 0
configure:9847: result: no
configure:10007: checking dynamic linker characteristics
configure:10518: cc -o conftest -g -O2   -Wl,-rpath -Wl,/foo conftest.c  >&5
configure:10518: $? = 0
configure:10752: result: GNU/Linux ld.so
configure:10859: checking how to hardcode library paths into programs
configure:10884: result: immediate
configure:11424: checking whether stripping libraries is possible
configure:11429: result: yes
configure:11464: checking if libtool supports shared libraries
configure:11466: result: yes
configure:11469: checking whether to build shared libraries
configure:11490: result: yes
configure:11493: checking whether to build static libraries
configure:11497: result: no
configure:11773: creating ./config.status

## ---------------------- ##
## Running config.status. ##
## ---------------------- ##

This file was extended by config.status, which was
generated by GNU Autoconf 2.68.  Invocation command line was

  CONFIG_FILES    = 
  CONFIG_HEADERS  = 
  CONFIG_LINKS    = 
  CONFIG_COMMANDS = 
  $ ./config.status 

on precise32

config.status:898: creating config.h
config.status:988: config.h is unchanged
config.status:1002: executing libtool commands

## ---------------- ##
## Cache variables. ##
## ---------------- ##

ac_cv_build=i686-pc-linux-gnu
ac_cv_c_compiler_gnu=yes
ac_cv_env_CC_set=
ac_cv_env_CC_value=
ac_cv_env_CFLAGS_set=
ac_cv_env_CFLAGS_value=
ac_cv_env_CPPFLAGS_set=
ac_cv_env_CPPFLAGS_value=
ac_cv_env_CPP_set=
ac_cv_env_CPP_value=
ac_cv_env_LDFLAGS_set=
ac_cv_env_LDFLAGS_value=
ac_cv_env_LIBS_set=
ac_cv_env_LIBS_value=
ac_cv_env_build_alias_set=
ac_cv_env_build_alias_value=
ac_cv_env_host_alias_set=
ac_cv_env_host_alias_value=
ac_cv_env_target_alias_set=
ac_cv_env_target_alias_value=
ac_cv_header_dlfcn_h=yes
ac_cv_header_inttypes_h=yes
ac_cv_header_memory_h=yes
ac_cv_header_stdc=yes
ac_cv_header_stdint_h=yes
ac_cv_header_stdlib_h=yes
ac_cv_header_string_h=yes
ac_cv_header_strings_h=yes
ac_cv_header_sys_stat_h=yes
ac_cv_header_sys_types_h=yes
ac_cv_header_unistd_h=yes
ac_cv_host=i686-pc-linux-gnu
ac_cv_objext=o
ac_cv_path_EGREP='/bin/grep -E'
ac_cv_path_FGREP='/bin/grep -F'
ac_cv_path_GREP=/bin/grep
ac_cv_path_SED=/bin/sed
ac_cv_prog_AWK=nawk
ac_cv_prog_CPP='cc -E'
ac_cv_prog_RE2C=re2c
ac_cv_prog_ac_ct_AR=ar
ac_cv_prog_ac_ct_CC=cc
ac_cv_prog_ac_ct_MANIFEST_TOOL=mt
ac_cv_prog_ac_ct_OBJDUMP=objdump
ac_cv_prog_ac_ct_RANLIB=ranlib
ac_cv_prog_ac_ct_STRIP=strip
ac_cv_prog_cc_c89=
ac_cv_prog_cc_cc_c_o=yes
ac_cv_prog_cc_g=yes
ac_cv_target=i686-pc-linux-gnu
lt_cv_ar_at_file=@
lt_cv_archive_cmds_need_lc=no
lt_cv_deplibs_check_method=pass_all
lt_cv_file_magic_cmd='$MAGIC_CMD'
lt_cv_file_magic_test_file=
lt_cv_ld_reload_flag=-r
lt_cv_nm_interface='BSD nm'
lt_cv_objdir=.libs
lt_cv_path_LD=/usr/bin/ld
lt_cv_path_NM='/usr/bin/nm -B'
lt_cv_path_mainfest_tool=no
lt_cv_prog_compiler_c_o=yes
lt_cv_prog_compiler_pic='-fPIC -DPIC'
lt_cv_prog_compiler_pic_works=yes
lt_cv_prog_compiler_rtti_exceptions=no
lt_cv_prog_compiler_static_works=yes
lt_cv_prog_gnu_ld=yes
lt_cv_sharedlib_from_linklib_cmd='printf %s\n'
lt_cv_shlibpath_overrides_runpath=no
lt_cv_sys_global_symbol_pipe='sed -n -e '\''s/^.*[	 ]\([ABCDGIRSTW][ABCDGIRSTW]*\)[	 ][	 ]*\([_A-Za-z][_A-Za-z0-9]*\)$/\1 \2 \2/p'\'' | sed '\''/ __gnu_lto/d'\'''
lt_cv_sys_global_symbol_to_c_name_address='sed -n -e '\''s/^: \([^ ]*\)[ ]*$/  {\"\1\", (void *) 0},/p'\'' -e '\''s/^[ABCDGIRSTW]* \([^ ]*\) \([^ ]*\)$/  {"\2", (void *) \&\2},/p'\'''
lt_cv_sys_global_symbol_to_c_name_address_lib_prefix='sed -n -e '\''s/^: \([^ ]*\)[ ]*$/  {\"\1\", (void *) 0},/p'\'' -e '\''s/^[ABCDGIRSTW]* \([^ ]*\) \(lib[^ ]*\)$/  {"\2", (void *) \&\2},/p'\'' -e '\''s/^[ABCDGIRSTW]* \([^ ]*\) \([^ ]*\)$/  {"lib\2", (void *) \&\2},/p'\'''
lt_cv_sys_global_symbol_to_cdecl='sed -n -e '\''s/^T .* \(.*\)$/extern int \1();/p'\'' -e '\''s/^[ABCDGIRSTW]* .* \(.*\)$/extern char \1;/p'\'''
lt_cv_sys_max_cmd_len=1572864
lt_cv_to_host_file_cmd=func_convert_file_noop
lt_cv_to_tool_file_cmd=func_convert_file_noop
php_cv_cc_dashr=no
php_cv_cc_rpath=yes
php_cv_re2c_version='0.13.5 (ok)'

## ----------------- ##
## Output variables. ##
## ----------------- ##

AR='ar'
AWK='nawk'
CC='cc'
CFLAGS='-g -O2'
CONFIGURE_COMMAND=' '\''./configure'\''  '\''--prefix=/usr/bin'\'''
CONFIGURE_OPTIONS=' '\''--prefix=/usr/bin'\'''
CPP='cc -E'
CPPFLAGS=' -DHAVE_CONFIG_H'
DEFS='-DHAVE_CONFIG_H'
DLLTOOL='false'
DSYMUTIL=''
DUMPBIN=''
ECHO_C=''
ECHO_N='-n'
ECHO_T=''
EGREP='/bin/grep -E'
EXEEXT=''
FGREP='/bin/grep -F'
GREP='/bin/grep'
LD='/usr/bin/ld'
LDFLAGS=''
LIBOBJS=''
LIBS=''
LIBTOOL='$(SHELL) $(top_builddir)/libtool'
LIPO=''
LN_S='ln -s'
LTLIBOBJS=''
MANIFEST_TOOL=':'
NM='/usr/bin/nm -B'
NMEDIT=''
OBJDUMP='objdump'
OBJEXT='o'
OTOOL64=''
OTOOL=''
PACKAGE_BUGREPORT=''
PACKAGE_NAME=''
PACKAGE_STRING=''
PACKAGE_TARNAME=''
PACKAGE_URL=''
PACKAGE_VERSION=''
PATH_SEPARATOR=':'
RANLIB='ranlib'
RE2C='re2c'
SED='/bin/sed'
SHELL='/bin/bash'
SHLIB_DL_SUFFIX_NAME='so'
SHLIB_SUFFIX_NAME='so'
STRIP='strip'
ac_ct_AR='ar'
ac_ct_CC='cc'
ac_ct_DUMPBIN=''
bindir='${exec_prefix}/bin'
build='i686-pc-linux-gnu'
build_alias=''
build_cpu='i686'
build_os='linux-gnu'
build_vendor='pc'
datadir='${datarootdir}'
datarootdir='${prefix}/share'
docdir='${datarootdir}/doc/${PACKAGE}'
dvidir='${docdir}'
exec_prefix='$(prefix)'
host='i686-pc-linux-gnu'
host_alias='i686-pc-linux-gnu'
host_cpu='i686'
host_os='linux-gnu'
host_vendor='pc'
htmldir='${docdir}'
includedir='${prefix}/include'
infodir='${datarootdir}/info'
libdir='${exec_prefix}/lib'
libexecdir='${exec_prefix}/libexec'
localedir='${datarootdir}/locale'
localstatedir='${prefix}/var'
mandir='${datarootdir}/man'
oldincludedir='/usr/include'
pdfdir='${docdir}'
prefix='/usr'
program_transform_name='s,x,x,'
psdir='${docdir}'
sbindir='${exec_prefix}/sbin'
sharedstatedir='${prefix}/com'
sysconfdir='${prefix}/etc'
target='i686-pc-linux-gnu'
target_alias=''
target_cpu='i686'
target_os='linux-gnu'
target_vendor='pc'

## ----------- ##
## confdefs.h. ##
## ----------- ##

/* confdefs.h */
#define PACKAGE_NAME ""
#define PACKAGE_TARNAME ""
#define PACKAGE_VERSION ""
#define PACKAGE_STRING ""
#define PACKAGE_BUGREPORT ""
#define PACKAGE_URL ""
#define COMPILE_DL_MSGPACK 1
#define STDC_HEADERS 1
#define HAVE_SYS_TYPES_H 1
#define HAVE_SYS_STAT_H 1
#define HAVE_STDLIB_H 1
#define HAVE_STRING_H 1
#define HAVE_MEMORY_H 1
#define HAVE_STRINGS_H 1
#define HAVE_INTTYPES_H 1
#define HAVE_STDINT_H 1
#define HAVE_UNISTD_H 1
#define HAVE_DLFCN_H 1
#define LT_OBJDIR ".libs/"

configure: exit 0
