This file contains any messages produced by compilers while
running configure, to aid debugging if configure makes a mistake.

It was created by configure, which was
generated by GNU Autoconf 2.68.  Invocation command line was

  $ ./configure --prefix=/usr/bin

## --------- ##
## Platform. ##
## --------- ##

hostname = precise32
uname -m = i686
uname -r = 3.2.0-23-generic-pae
uname -s = Linux
uname -v = #36-Ubuntu SMP Tue Apr 10 22:19:09 UTC 2012

/usr/bin/uname -p = unknown
/bin/uname -X     = unknown

/bin/arch              = unknown
/usr/bin/arch -k       = unknown
/usr/convex/getsysinfo = unknown
/usr/bin/hostinfo      = unknown
/bin/machine           = unknown
/usr/bin/oslevel       = unknown
/bin/universe          = unknown

PATH: /usr/local/sbin
PATH: /usr/local/bin
PATH: /usr/sbin
PATH: /usr/bin
PATH: /sbin
PATH: /bin
PATH: /usr/games
PATH: /opt/vagrant_ruby/bin


## ----------- ##
## Core tests. ##
## ----------- ##

configure:2059: checking for grep that handles long lines and -e
configure:2117: result: /bin/grep
configure:2122: checking for egrep
configure:2184: result: /bin/grep -E
configure:2189: checking for a sed that does not truncate output
configure:2253: result: /bin/sed
configure:2387: checking for cc
configure:2403: found /usr/bin/cc
configure:2414: result: cc
configure:2445: checking for C compiler version
configure:2454: cc --version >&5
cc (Ubuntu/Linaro 4.6.3-1ubuntu5) 4.6.3
Copyright (C) 2011 Free Software Foundation, Inc.
This is free software; see the source for copying conditions.  There is NO
warranty; not even for MERCHANTABILITY or FITNESS FOR A PARTICULAR PURPOSE.

configure:2465: $? = 0
configure:2454: cc -v >&5
Using built-in specs.
COLLECT_GCC=cc
COLLECT_LTO_WRAPPER=/usr/lib/gcc/i686-linux-gnu/4.6/lto-wrapper
Target: i686-linux-gnu
Configured with: ../src/configure -v --with-pkgversion='Ubuntu/Linaro 4.6.3-1ubuntu5' --with-bugurl=file:///usr/share/doc/gcc-4.6/README.Bugs --enable-languages=c,c++,fortran,objc,obj-c++ --prefix=/usr --program-suffix=-4.6 --enable-shared --enable-linker-build-id --with-system-zlib --libexecdir=/usr/lib --without-included-gettext --enable-threads=posix --with-gxx-include-dir=/usr/include/c++/4.6 --libdir=/usr/lib --enable-nls --with-sysroot=/ --enable-clocale=gnu --enable-libstdcxx-debug --enable-libstdcxx-time=yes --enable-gnu-unique-object --enable-plugin --enable-objc-gc --enable-targets=all --disable-werror --with-arch-32=i686 --with-tune=generic --enable-checking=release --build=i686-linux-gnu --host=i686-linux-gnu --target=i686-linux-gnu
Thread model: posix
gcc version 4.6.3 (Ubuntu/Linaro 4.6.3-1ubuntu5) 
configure:2465: $? = 0
configure:2454: cc -V >&5
cc: error: unrecognized option '-V'
cc: fatal error: no input files
compilation terminated.
configure:2465: $? = 4
configure:2454: cc -qversion >&5
cc: error: unrecognized option '-qversion'
cc: fatal error: no input files
compilation terminated.
configure:2465: $? = 4
configure:2485: checking whether the C compiler works
configure:2507: cc    conftest.c  >&5
configure:2511: $? = 0
configure:2559: result: yes
configure:2562: checking for C compiler default output file name
configure:2564: result: a.out
configure:2570: checking for suffix of executables
configure:2577: cc -o conftest    conftest.c  >&5
configure:2581: $? = 0
configure:2603: result: 
configure:2625: checking whether we are cross compiling
configure:2633: cc -o conftest    conftest.c  >&5
configure:2637: $? = 0
configure:2644: ./conftest
configure:2648: $? = 0
configure:2663: result: no
configure:2668: checking for suffix of object files
configure:2690: cc -c   conftest.c >&5
configure:2694: $? = 0
configure:2715: result: o
configure:2719: checking whether we are using the GNU C compiler
configure:2738: cc -c   conftest.c >&5
configure:2738: $? = 0
configure:2747: result: yes
configure:2756: checking whether cc accepts -g
configure:2776: cc -c -g  conftest.c >&5
configure:2776: $? = 0
configure:2817: result: yes
configure:2834: checking for cc option to accept ISO C89
configure:2898: cc  -c -g -O2  conftest.c >&5
configure:2898: $? = 0
configure:2911: result: none needed
configure:2937: checking how to run the C preprocessor
configure:2968: cc -E  conftest.c
configure:2968: $? = 0
configure:2982: cc -E  conftest.c
conftest.c:9:28: fatal error: ac_nonexistent.h: No such file or directory
compilation terminated.
configure:2982: $? = 1
configure: failed program was:
| /* confdefs.h */
| #define PACKAGE_NAME ""
| #define PACKAGE_TARNAME ""
| #define PACKAGE_VERSION ""
| #define PACKAGE_STRING ""
| #define PACKAGE_BUGREPORT ""
| #define PACKAGE_URL ""
| /* end confdefs.h.  */
| #include <ac_nonexistent.h>
configure:3007: result: cc -E
configure:3027: cc -E  conftest.c
configure:3027: $? = 0
configure:3041: cc -E  conftest.c
conftest.c:9:28: fatal error: ac_nonexistent.h: No such file or directory
compilation terminated.
configure:3041: $? = 1
configure: failed program was:
| /* confdefs.h */
| #define PACKAGE_NAME ""
| #define PACKAGE_TARNAME ""
| #define PACKAGE_VERSION ""
| #define PACKAGE_STRING ""
| #define PACKAGE_BUGREPORT ""
| #define PACKAGE_URL ""
| /* end confdefs.h.  */
| #include <ac_nonexistent.h>
configure:3072: checking for icc
configure:3081: result: no
configure:3095: checking for suncc
configure:3104: result: no
configure:3122: checking whether cc understands -c and -o together
configure:3150: cc -c conftest.c -o conftest2.o >&5
configure:3154: $? = 0
configure:3160: cc -c conftest.c -o conftest2.o >&5
configure:3164: $? = 0
configure:3219: result: yes
configure:3233: checking for system library directory
configure:3248: result: lib
configure:3255: checking if compiler supports -R
configure:3274: cc -o conftest -g -O2   conftest.c -R /usr/lib  >&5
cc: error: unrecognized option '-R'
configure:3274: $? = 1
configure: failed program was:
| /* confdefs.h */
| #define PACKAGE_NAME ""
| #define PACKAGE_TARNAME ""
| #define PACKAGE_VERSION ""
| #define PACKAGE_STRING ""
| #define PACKAGE_BUGREPORT ""
| #define PACKAGE_URL ""
| /* end confdefs.h.  */
| 
| int
| main ()
| {
| 
|   ;
|   return 0;
| }
configure:3284: result: no
configure:3289: checking if compiler supports -Wl,-rpath,
configure:3308: cc -o conftest -g -O2   conftest.c -Wl,-rpath,/usr/lib  >&5
configure:3308: $? = 0
configure:3318: result: yes
configure:3363: checking build system type
configure:3377: result: i686-pc-linux-gnu
configure:3397: checking host system type
configure:3410: result: i686-pc-linux-gnu
configure:3430: checking target system type
configure:3443: result: i686-pc-linux-gnu
configure:3546: checking for PHP prefix
configure:3548: result: /usr
configure:3550: checking for PHP includes
configure:3552: result: -I/usr/include/php5 -I/usr/include/php5/main -I/usr/include/php5/TSRM -I/usr/include/php5/Zend -I/usr/include/php5/ext -I/usr/include/php5/ext/date/lib -D_LARGEFILE_SOURCE -D_FILE_OFFSET_BITS=64
configure:3554: checking for PHP extension directory
configure:3556: result: /usr/lib/php5/20121212
configure:3558: checking for PHP installed headers prefix
configure:3560: result: /usr/include/php5
configure:3563: checking if debug is enabled
configure:3589: result: no
configure:3592: checking if zts is enabled
configure:3618: result: no
configure:3689: checking for re2c
configure:3705: found /usr/bin/re2c
configure:3716: result: re2c
configure:3725: checking for re2c version
configure:3739: result: 0.13.5 (ok)
configure:3758: checking for gawk
configure:3789: result: no
configure:3758: checking for nawk
configure:3775: found /usr/bin/nawk
configure:3786: result: nawk
configure:3809: checking if nawk is broken
configure:3816: result: no
configure:3830: checking for libevent support
configure:3870: result: yes, shared
configure:3881: checking for libevent headers in default path
configure:3886: result: found in /usr
configure:4045: checking for event_base_new in -levent
configure:4070: cc -o conftest -g -O2   conftest.c -levent   >&5
configure:4070: $? = 0
configure:4080: result: yes
configure:4574: checking how to print strings
configure:4601: result: printf
configure:4622: checking for a sed that does not truncate output
configure:4686: result: /bin/sed
configure:4704: checking for fgrep
configure:4766: result: /bin/grep -F
configure:4801: checking for ld used by cc
configure:4868: result: /usr/bin/ld
configure:4875: checking if the linker (/usr/bin/ld) is GNU ld
configure:4890: result: yes
configure:4902: checking for BSD- or MS-compatible name lister (nm)
configure:4951: result: /usr/bin/nm -B
configure:5081: checking the name lister (/usr/bin/nm -B) interface
configure:5088: cc -c -g -O2  conftest.c >&5
configure:5091: /usr/bin/nm -B "conftest.o"
configure:5094: output
00000000 B some_variable
configure:5101: result: BSD nm
configure:5104: checking whether ln -s works
configure:5108: result: yes
configure:5116: checking the maximum length of command line arguments
configure:5246: result: 1572864
configure:5263: checking whether the shell understands some XSI constructs
configure:5273: result: yes
configure:5277: checking whether the shell understands "+="
configure:5283: result: yes
configure:5318: checking how to convert i686-pc-linux-gnu file names to i686-pc-linux-gnu format
configure:5358: result: func_convert_file_noop
configure:5365: checking how to convert i686-pc-linux-gnu file names to toolchain format
configure:5385: result: func_convert_file_noop
configure:5392: checking for /usr/bin/ld option to reload object files
configure:5399: result: -r
configure:5473: checking for objdump
configure:5489: found /usr/bin/objdump
configure:5500: result: objdump
configure:5532: checking how to recognize dependent libraries
configure:5734: result: pass_all
configure:5819: checking for dlltool
configure:5849: result: no
configure:5879: checking how to associate runtime and link libraries
configure:5906: result: printf %s\n
configure:5966: checking for ar
configure:5982: found /usr/bin/ar
configure:5993: result: ar
configure:6030: checking for archiver @FILE support
configure:6047: cc -c -g -O2  conftest.c >&5
configure:6047: $? = 0
configure:6050: ar cru libconftest.a @conftest.lst >&5
configure:6053: $? = 0
configure:6058: ar cru libconftest.a @conftest.lst >&5
ar: conftest.o: No such file or directory
configure:6061: $? = 1
configure:6073: result: @
configure:6131: checking for strip
configure:6147: found /usr/bin/strip
configure:6158: result: strip
configure:6230: checking for ranlib
configure:6246: found /usr/bin/ranlib
configure:6257: result: ranlib
configure:6334: checking for gawk
configure:6361: result: nawk
configure:6401: checking command to parse /usr/bin/nm -B output from cc object
configure:6521: cc -c -g -O2  conftest.c >&5
configure:6524: $? = 0
configure:6528: /usr/bin/nm -B conftest.o \| sed -n -e 's/^.*[ ]\([ABCDGIRSTW][ABCDGIRSTW]*\)[ ][ ]*\([_A-Za-z][_A-Za-z0-9]*\)$/\1 \2 \2/p' | sed '/ __gnu_lto/d' \> conftest.nm
configure:6531: $? = 0
configure:6597: cc -o conftest -g -O2   conftest.c conftstm.o >&5
configure:6600: $? = 0
configure:6638: result: ok
configure:6675: checking for sysroot
configure:6705: result: no
configure:6961: checking for mt
configure:6977: found /bin/mt
configure:6988: result: mt
configure:7011: checking if mt is a manifest tool
configure:7017: mt '-?'
configure:7025: result: no
configure:7662: checking for ANSI C header files
configure:7682: cc -c -g -O2  conftest.c >&5
configure:7682: $? = 0
configure:7755: cc -o conftest -g -O2   conftest.c  >&5
configure:7755: $? = 0
configure:7755: ./conftest
configure:7755: $? = 0
configure:7766: result: yes
configure:7779: checking for sys/types.h
configure:7779: cc -c -g -O2  conftest.c >&5
configure:7779: $? = 0
configure:7779: result: yes
configure:7779: checking for sys/stat.h
configure:7779: cc -c -g -O2  conftest.c >&5
configure:7779: $? = 0
configure:7779: result: yes
configure:7779: checking for stdlib.h
configure:7779: cc -c -g -O2  conftest.c >&5
configure:7779: $? = 0
configure:7779: result: yes
configure:7779: checking for string.h
configure:7779: cc -c -g -O2  conftest.c >&5
configure:7779: $? = 0
configure:7779: result: yes
configure:7779: checking for memory.h
configure:7779: cc -c -g -O2  conftest.c >&5
configure:7779: $? = 0
configure:7779: result: yes
configure:7779: checking for strings.h
configure:7779: cc -c -g -O2  conftest.c >&5
configure:7779: $? = 0
configure:7779: result: yes
configure:7779: checking for inttypes.h
configure:7779: cc -c -g -O2  conftest.c >&5
configure:7779: $? = 0
configure:7779: result: yes
configure:7779: checking for stdint.h
configure:7779: cc -c -g -O2  conftest.c >&5
configure:7779: $? = 0
configure:7779: result: yes
configure:7779: checking for unistd.h
configure:7779: cc -c -g -O2  conftest.c >&5
configure:7779: $? = 0
configure:7779: result: yes
configure:7793: checking for dlfcn.h
configure:7793: cc -c -g -O2  conftest.c >&5
configure:7793: $? = 0
configure:7793: result: yes
configure:7999: checking for objdir
configure:8014: result: .libs
configure:8285: checking if cc supports -fno-rtti -fno-exceptions
configure:8303: cc -c -g -O2  -fno-rtti -fno-exceptions conftest.c >&5
cc1: warning: command line option '-fno-rtti' is valid for C++/ObjC++ but not for C [enabled by default]
configure:8307: $? = 0
configure:8320: result: no
configure:8647: checking for cc option to produce PIC
configure:8654: result: -fPIC -DPIC
configure:8662: checking if cc PIC flag -fPIC -DPIC works
configure:8680: cc -c -g -O2  -fPIC -DPIC -DPIC conftest.c >&5
configure:8684: $? = 0
configure:8697: result: yes
configure:8726: checking if cc static flag -static works
configure:8754: result: yes
configure:8769: checking if cc supports -c -o file.o
configure:8790: cc -c -g -O2  -o out/conftest2.o conftest.c >&5
configure:8794: $? = 0
configure:8816: result: yes
configure:8824: checking if cc supports -c -o file.o
configure:8871: result: yes
configure:8904: checking whether the cc linker (/usr/bin/ld) supports shared libraries
configure:10061: result: yes
configure:10098: checking whether -lc should be explicitly linked in
configure:10106: cc -c -g -O2  conftest.c >&5
configure:10109: $? = 0
configure:10124: cc -shared  -fPIC -DPIC conftest.o  -v -Wl,-soname -Wl,conftest -o conftest 2\>\&1 \| /bin/grep  -lc  \>/dev/null 2\>\&1
configure:10127: $? = 0
configure:10141: result: no
configure:10301: checking dynamic linker characteristics
configure:10812: cc -o conftest -g -O2   -Wl,-rpath -Wl,/foo conftest.c  >&5
configure:10812: $? = 0
configure:11046: result: GNU/Linux ld.so
configure:11153: checking how to hardcode library paths into programs
configure:11178: result: immediate
configure:11718: checking whether stripping libraries is possible
configure:11723: result: yes
configure:11758: checking if libtool supports shared libraries
configure:11760: result: yes
configure:11763: checking whether to build shared libraries
configure:11784: result: yes
configure:11787: checking whether to build static libraries
configure:11791: result: no
configure:12067: creating ./config.status

## ---------------------- ##
## Running config.status. ##
## ---------------------- ##

This file was extended by config.status, which was
generated by GNU Autoconf 2.68.  Invocation command line was

  CONFIG_FILES    = 
  CONFIG_HEADERS  = 
  CONFIG_LINKS    = 
  CONFIG_COMMANDS = 
  $ ./config.status 

on precise32

config.status:898: creating config.h
config.status:988: config.h is unchanged
config.status:1002: executing libtool commands

## ---------------- ##
## Cache variables. ##
## ---------------- ##

ac_cv_build=i686-pc-linux-gnu
ac_cv_c_compiler_gnu=yes
ac_cv_env_CC_set=
ac_cv_env_CC_value=
ac_cv_env_CFLAGS_set=
ac_cv_env_CFLAGS_value=
ac_cv_env_CPPFLAGS_set=
ac_cv_env_CPPFLAGS_value=
ac_cv_env_CPP_set=
ac_cv_env_CPP_value=
ac_cv_env_LDFLAGS_set=
ac_cv_env_LDFLAGS_value=
ac_cv_env_LIBS_set=
ac_cv_env_LIBS_value=
ac_cv_env_build_alias_set=
ac_cv_env_build_alias_value=
ac_cv_env_host_alias_set=
ac_cv_env_host_alias_value=
ac_cv_env_target_alias_set=
ac_cv_env_target_alias_value=
ac_cv_header_dlfcn_h=yes
ac_cv_header_inttypes_h=yes
ac_cv_header_memory_h=yes
ac_cv_header_stdc=yes
ac_cv_header_stdint_h=yes
ac_cv_header_stdlib_h=yes
ac_cv_header_string_h=yes
ac_cv_header_strings_h=yes
ac_cv_header_sys_stat_h=yes
ac_cv_header_sys_types_h=yes
ac_cv_header_unistd_h=yes
ac_cv_host=i686-pc-linux-gnu
ac_cv_lib_event___event_base_new=yes
ac_cv_objext=o
ac_cv_path_EGREP='/bin/grep -E'
ac_cv_path_FGREP='/bin/grep -F'
ac_cv_path_GREP=/bin/grep
ac_cv_path_SED=/bin/sed
ac_cv_prog_AWK=nawk
ac_cv_prog_CPP='cc -E'
ac_cv_prog_RE2C=re2c
ac_cv_prog_ac_ct_AR=ar
ac_cv_prog_ac_ct_CC=cc
ac_cv_prog_ac_ct_MANIFEST_TOOL=mt
ac_cv_prog_ac_ct_OBJDUMP=objdump
ac_cv_prog_ac_ct_RANLIB=ranlib
ac_cv_prog_ac_ct_STRIP=strip
ac_cv_prog_cc_c89=
ac_cv_prog_cc_cc_c_o=yes
ac_cv_prog_cc_g=yes
ac_cv_target=i686-pc-linux-gnu
lt_cv_ar_at_file=@
lt_cv_archive_cmds_need_lc=no
lt_cv_deplibs_check_method=pass_all
lt_cv_file_magic_cmd='$MAGIC_CMD'
lt_cv_file_magic_test_file=
lt_cv_ld_reload_flag=-r
lt_cv_nm_interface='BSD nm'
lt_cv_objdir=.libs
lt_cv_path_LD=/usr/bin/ld
lt_cv_path_NM='/usr/bin/nm -B'
lt_cv_path_mainfest_tool=no
lt_cv_prog_compiler_c_o=yes
lt_cv_prog_compiler_pic='-fPIC -DPIC'
lt_cv_prog_compiler_pic_works=yes
lt_cv_prog_compiler_rtti_exceptions=no
lt_cv_prog_compiler_static_works=yes
lt_cv_prog_gnu_ld=yes
lt_cv_sharedlib_from_linklib_cmd='printf %s\n'
lt_cv_shlibpath_overrides_runpath=no
lt_cv_sys_global_symbol_pipe='sed -n -e '\''s/^.*[	 ]\([ABCDGIRSTW][ABCDGIRSTW]*\)[	 ][	 ]*\([_A-Za-z][_A-Za-z0-9]*\)$/\1 \2 \2/p'\'' | sed '\''/ __gnu_lto/d'\'''
lt_cv_sys_global_symbol_to_c_name_address='sed -n -e '\''s/^: \([^ ]*\)[ ]*$/  {\"\1\", (void *) 0},/p'\'' -e '\''s/^[ABCDGIRSTW]* \([^ ]*\) \([^ ]*\)$/  {"\2", (void *) \&\2},/p'\'''
lt_cv_sys_global_symbol_to_c_name_address_lib_prefix='sed -n -e '\''s/^: \([^ ]*\)[ ]*$/  {\"\1\", (void *) 0},/p'\'' -e '\''s/^[ABCDGIRSTW]* \([^ ]*\) \(lib[^ ]*\)$/  {"\2", (void *) \&\2},/p'\'' -e '\''s/^[ABCDGIRSTW]* \([^ ]*\) \([^ ]*\)$/  {"lib\2", (void *) \&\2},/p'\'''
lt_cv_sys_global_symbol_to_cdecl='sed -n -e '\''s/^T .* \(.*\)$/extern int \1();/p'\'' -e '\''s/^[ABCDGIRSTW]* .* \(.*\)$/extern char \1;/p'\'''
lt_cv_sys_max_cmd_len=1572864
lt_cv_to_host_file_cmd=func_convert_file_noop
lt_cv_to_tool_file_cmd=func_convert_file_noop
php_cv_cc_dashr=no
php_cv_cc_rpath=yes
php_cv_re2c_version='0.13.5 (ok)'

## ----------------- ##
## Output variables. ##
## ----------------- ##

AR='ar'
AWK='nawk'
CC='cc'
CFLAGS='-g -O2'
CONFIGURE_COMMAND=' '\''./configure'\''  '\''--prefix=/usr/bin'\'''
CONFIGURE_OPTIONS=' '\''--prefix=/usr/bin'\'''
CPP='cc -E'
CPPFLAGS=' -DHAVE_CONFIG_H'
DEFS='-DHAVE_CONFIG_H'
DLLTOOL='false'
DSYMUTIL=''
DUMPBIN=''
ECHO_C=''
ECHO_N='-n'
ECHO_T=''
EGREP='/bin/grep -E'
EXEEXT=''
FGREP='/bin/grep -F'
GREP='/bin/grep'
LD='/usr/bin/ld'
LDFLAGS=''
LIBOBJS=''
LIBS=''
LIBTOOL='$(SHELL) $(top_builddir)/libtool'
LIPO=''
LN_S='ln -s'
LTLIBOBJS=''
MANIFEST_TOOL=':'
NM='/usr/bin/nm -B'
NMEDIT=''
OBJDUMP='objdump'
OBJEXT='o'
OTOOL64=''
OTOOL=''
PACKAGE_BUGREPORT=''
PACKAGE_NAME=''
PACKAGE_STRING=''
PACKAGE_TARNAME=''
PACKAGE_URL=''
PACKAGE_VERSION=''
PATH_SEPARATOR=':'
RANLIB='ranlib'
RE2C='re2c'
SED='/bin/sed'
SHELL='/bin/bash'
SHLIB_DL_SUFFIX_NAME='so'
SHLIB_SUFFIX_NAME='so'
STRIP='strip'
ac_ct_AR='ar'
ac_ct_CC='cc'
ac_ct_DUMPBIN=''
bindir='${exec_prefix}/bin'
build='i686-pc-linux-gnu'
build_alias=''
build_cpu='i686'
build_os='linux-gnu'
build_vendor='pc'
datadir='${datarootdir}'
datarootdir='${prefix}/share'
docdir='${datarootdir}/doc/${PACKAGE}'
dvidir='${docdir}'
exec_prefix='$(prefix)'
host='i686-pc-linux-gnu'
host_alias='i686-pc-linux-gnu'
host_cpu='i686'
host_os='linux-gnu'
host_vendor='pc'
htmldir='${docdir}'
includedir='${prefix}/include'
infodir='${datarootdir}/info'
libdir='${exec_prefix}/lib'
libexecdir='${exec_prefix}/libexec'
localedir='${datarootdir}/locale'
localstatedir='${prefix}/var'
mandir='${datarootdir}/man'
oldincludedir='/usr/include'
pdfdir='${docdir}'
prefix='/usr'
program_transform_name='s,x,x,'
psdir='${docdir}'
sbindir='${exec_prefix}/sbin'
sharedstatedir='${prefix}/com'
sysconfdir='${prefix}/etc'
target='i686-pc-linux-gnu'
target_alias=''
target_cpu='i686'
target_os='linux-gnu'
target_vendor='pc'

## ----------- ##
## confdefs.h. ##
## ----------- ##

/* confdefs.h */
#define PACKAGE_NAME ""
#define PACKAGE_TARNAME ""
#define PACKAGE_VERSION ""
#define PACKAGE_STRING ""
#define PACKAGE_BUGREPORT ""
#define PACKAGE_URL ""
#define COMPILE_DL_LIBEVENT 1
#define STDC_HEADERS 1
#define HAVE_SYS_TYPES_H 1
#define HAVE_SYS_STAT_H 1
#define HAVE_STDLIB_H 1
#define HAVE_STRING_H 1
#define HAVE_MEMORY_H 1
#define HAVE_STRINGS_H 1
#define HAVE_INTTYPES_H 1
#define HAVE_STDINT_H 1
#define HAVE_UNISTD_H 1
#define HAVE_DLFCN_H 1
#define LT_OBJDIR ".libs/"

configure: exit 0
